30-Nov-2016 04:06:03.129 INFO [main] org.apache.catalina.startup.VersionLoggerListener.log Server version:        Apache Tomcat/9.0.0.M13
30-Nov-2016 04:06:03.133 INFO [main] org.apache.catalina.startup.VersionLoggerListener.log Server built:          Nov 3 2016 20:59:41 UTC
30-Nov-2016 04:06:03.133 INFO [main] org.apache.catalina.startup.VersionLoggerListener.log Server number:         9.0.0.0
30-Nov-2016 04:06:03.133 INFO [main] org.apache.catalina.startup.VersionLoggerListener.log OS Name:               Linux
30-Nov-2016 04:06:03.133 INFO [main] org.apache.catalina.startup.VersionLoggerListener.log OS Version:            4.4.0-47-generic
30-Nov-2016 04:06:03.134 INFO [main] org.apache.catalina.startup.VersionLoggerListener.log Architecture:          amd64
30-Nov-2016 04:06:03.134 INFO [main] org.apache.catalina.startup.VersionLoggerListener.log Java Home:             /usr/lib/jvm/java-8-oracle/jre
30-Nov-2016 04:06:03.134 INFO [main] org.apache.catalina.startup.VersionLoggerListener.log JVM Version:           1.8.0_111-b14
30-Nov-2016 04:06:03.134 INFO [main] org.apache.catalina.startup.VersionLoggerListener.log JVM Vendor:            Oracle Corporation
30-Nov-2016 04:06:03.135 INFO [main] org.apache.catalina.startup.VersionLoggerListener.log CATALINA_BASE:         /opt/tomcat9
30-Nov-2016 04:06:03.135 INFO [main] org.apache.catalina.startup.VersionLoggerListener.log CATALINA_HOME:         /opt/tomcat9
30-Nov-2016 04:06:03.135 INFO [main] org.apache.catalina.startup.VersionLoggerListener.log Command line argument: -Djava.util.logging.config.file=/opt/tomcat9/conf/logging.properties
30-Nov-2016 04:06:03.136 INFO [main] org.apache.catalina.startup.VersionLoggerListener.log Command line argument: -Djava.util.logging.manager=org.apache.juli.ClassLoaderLogManager
30-Nov-2016 04:06:03.136 INFO [main] org.apache.catalina.startup.VersionLoggerListener.log Command line argument: -Djdk.tls.ephemeralDHKeySize=2048
30-Nov-2016 04:06:03.136 INFO [main] org.apache.catalina.startup.VersionLoggerListener.log Command line argument: -Djava.protocol.handler.pkgs=org.apache.catalina.webresources
30-Nov-2016 04:06:03.136 INFO [main] org.apache.catalina.startup.VersionLoggerListener.log Command line argument: -Dcatalina.base=/opt/tomcat9
30-Nov-2016 04:06:03.137 INFO [main] org.apache.catalina.startup.VersionLoggerListener.log Command line argument: -Dcatalina.home=/opt/tomcat9
30-Nov-2016 04:06:03.137 INFO [main] org.apache.catalina.startup.VersionLoggerListener.log Command line argument: -Djava.io.tmpdir=/opt/tomcat9/temp
30-Nov-2016 04:06:03.137 INFO [main] org.apache.catalina.core.AprLifecycleListener.lifecycleEvent The APR based Apache Tomcat Native library which allows optimal performance in production environments was not found on the java.library.path: /usr/java/packages/lib/amd64:/usr/lib64:/lib64:/lib:/usr/lib
30-Nov-2016 04:06:03.270 INFO [main] org.apache.coyote.AbstractProtocol.init Initializing ProtocolHandler ["http-nio-8080"]
30-Nov-2016 04:06:03.285 INFO [main] org.apache.tomcat.util.net.NioSelectorPool.getSharedSelector Using a shared selector for servlet write/read
30-Nov-2016 04:06:03.288 INFO [main] org.apache.coyote.AbstractProtocol.init Initializing ProtocolHandler ["ajp-nio-8009"]
30-Nov-2016 04:06:03.289 INFO [main] org.apache.tomcat.util.net.NioSelectorPool.getSharedSelector Using a shared selector for servlet write/read
30-Nov-2016 04:06:03.290 INFO [main] org.apache.catalina.startup.Catalina.load Initialization processed in 612 ms
30-Nov-2016 04:06:03.316 INFO [main] org.apache.catalina.core.StandardService.startInternal Starting service Catalina
30-Nov-2016 04:06:03.316 INFO [main] org.apache.catalina.core.StandardEngine.startInternal Starting Servlet Engine: Apache Tomcat/9.0.0.M13
30-Nov-2016 04:06:03.337 INFO [localhost-startStop-1] org.apache.catalina.startup.HostConfig.deployWAR Deploying web application archive /opt/tomcat9/webapps/tas-1.0.war
30-Nov-2016 04:06:04.973 INFO [localhost-startStop-1] org.apache.jasper.servlet.TldScanner.scanJars At least one JAR was scanned for TLDs yet contained no TLDs. Enable debug logging for this logger for a complete list of JARs that were scanned but no TLDs were found in them. Skipping unneeded JARs during scanning can improve startup time and JSP compilation time.
30-Nov-2016 04:07:50.026 INFO [main] org.apache.catalina.startup.VersionLoggerListener.log Server version:        Apache Tomcat/9.0.0.M13
30-Nov-2016 04:07:50.028 INFO [main] org.apache.catalina.startup.VersionLoggerListener.log Server built:          Nov 3 2016 20:59:41 UTC
30-Nov-2016 04:07:50.028 INFO [main] org.apache.catalina.startup.VersionLoggerListener.log Server number:         9.0.0.0
30-Nov-2016 04:07:50.029 INFO [main] org.apache.catalina.startup.VersionLoggerListener.log OS Name:               Linux
30-Nov-2016 04:07:50.030 INFO [main] org.apache.catalina.startup.VersionLoggerListener.log OS Version:            4.4.0-47-generic
30-Nov-2016 04:07:50.030 INFO [main] org.apache.catalina.startup.VersionLoggerListener.log Architecture:          amd64
30-Nov-2016 04:07:50.030 INFO [main] org.apache.catalina.startup.VersionLoggerListener.log Java Home:             /usr/lib/jvm/java-8-oracle/jre
30-Nov-2016 04:07:50.031 INFO [main] org.apache.catalina.startup.VersionLoggerListener.log JVM Version:           1.8.0_111-b14
30-Nov-2016 04:07:50.031 INFO [main] org.apache.catalina.startup.VersionLoggerListener.log JVM Vendor:            Oracle Corporation
30-Nov-2016 04:07:50.031 INFO [main] org.apache.catalina.startup.VersionLoggerListener.log CATALINA_BASE:         /opt/tomcat9
30-Nov-2016 04:07:50.032 INFO [main] org.apache.catalina.startup.VersionLoggerListener.log CATALINA_HOME:         /opt/tomcat9
30-Nov-2016 04:07:50.032 INFO [main] org.apache.catalina.startup.VersionLoggerListener.log Command line argument: -Djava.util.logging.config.file=/opt/tomcat9/conf/logging.properties
30-Nov-2016 04:07:50.035 INFO [main] org.apache.catalina.startup.VersionLoggerListener.log Command line argument: -Djava.util.logging.manager=org.apache.juli.ClassLoaderLogManager
30-Nov-2016 04:07:50.035 INFO [main] org.apache.catalina.startup.VersionLoggerListener.log Command line argument: -Djdk.tls.ephemeralDHKeySize=2048
30-Nov-2016 04:07:50.036 INFO [main] org.apache.catalina.startup.VersionLoggerListener.log Command line argument: -Djava.protocol.handler.pkgs=org.apache.catalina.webresources
30-Nov-2016 04:07:50.036 INFO [main] org.apache.catalina.startup.VersionLoggerListener.log Command line argument: -Dcatalina.base=/opt/tomcat9
30-Nov-2016 04:07:50.036 INFO [main] org.apache.catalina.startup.VersionLoggerListener.log Command line argument: -Dcatalina.home=/opt/tomcat9
30-Nov-2016 04:07:50.037 INFO [main] org.apache.catalina.startup.VersionLoggerListener.log Command line argument: -Djava.io.tmpdir=/opt/tomcat9/temp
30-Nov-2016 04:07:50.037 INFO [main] org.apache.catalina.core.AprLifecycleListener.lifecycleEvent The APR based Apache Tomcat Native library which allows optimal performance in production environments was not found on the java.library.path: /usr/java/packages/lib/amd64:/usr/lib64:/lib64:/lib:/usr/lib
30-Nov-2016 04:07:50.188 INFO [main] org.apache.coyote.AbstractProtocol.init Initializing ProtocolHandler ["http-nio-8080"]
30-Nov-2016 04:07:50.211 INFO [main] org.apache.tomcat.util.net.NioSelectorPool.getSharedSelector Using a shared selector for servlet write/read
30-Nov-2016 04:07:50.214 INFO [main] org.apache.coyote.AbstractProtocol.init Initializing ProtocolHandler ["ajp-nio-8009"]
30-Nov-2016 04:07:50.215 INFO [main] org.apache.tomcat.util.net.NioSelectorPool.getSharedSelector Using a shared selector for servlet write/read
30-Nov-2016 04:07:50.217 INFO [main] org.apache.catalina.startup.Catalina.load Initialization processed in 696 ms
30-Nov-2016 04:07:50.253 INFO [main] org.apache.catalina.core.StandardService.startInternal Starting service Catalina
30-Nov-2016 04:07:50.253 INFO [main] org.apache.catalina.core.StandardEngine.startInternal Starting Servlet Engine: Apache Tomcat/9.0.0.M13
30-Nov-2016 04:07:50.282 INFO [localhost-startStop-1] org.apache.catalina.startup.HostConfig.deployWAR Deploying web application archive /opt/tomcat9/webapps/tas.war
30-Nov-2016 04:07:51.934 INFO [localhost-startStop-1] org.apache.jasper.servlet.TldScanner.scanJars At least one JAR was scanned for TLDs yet contained no TLDs. Enable debug logging for this logger for a complete list of JARs that were scanned but no TLDs were found in them. Skipping unneeded JARs during scanning can improve startup time and JSP compilation time.
30-Nov-2016 04:18:31.821 INFO [localhost-startStop-1] org.apache.catalina.startup.HostConfig.deployWAR Deployment of web application archive /opt/tomcat9/webapps/tas.war has finished in 641,539 ms
30-Nov-2016 04:18:31.822 INFO [localhost-startStop-1] org.apache.catalina.startup.HostConfig.deployDirectory Deploying web application directory /opt/tomcat9/webapps/host-manager
30-Nov-2016 04:18:31.875 INFO [localhost-startStop-1] org.apache.catalina.startup.HostConfig.deployDirectory Deployment of web application directory /opt/tomcat9/webapps/host-manager has finished in 53 ms
30-Nov-2016 04:18:31.879 INFO [localhost-startStop-1] org.apache.catalina.startup.HostConfig.deployDirectory Deploying web application directory /opt/tomcat9/webapps/examples
30-Nov-2016 04:18:32.216 INFO [localhost-startStop-1] org.apache.catalina.startup.HostConfig.deployDirectory Deployment of web application directory /opt/tomcat9/webapps/examples has finished in 336 ms
30-Nov-2016 04:18:32.216 INFO [localhost-startStop-1] org.apache.catalina.startup.HostConfig.deployDirectory Deploying web application directory /opt/tomcat9/webapps/manager
30-Nov-2016 04:18:32.284 INFO [localhost-startStop-1] org.apache.catalina.startup.HostConfig.deployDirectory Deployment of web application directory /opt/tomcat9/webapps/manager has finished in 68 ms
30-Nov-2016 04:18:32.284 INFO [localhost-startStop-1] org.apache.catalina.startup.HostConfig.deployDirectory Deploying web application directory /opt/tomcat9/webapps/ROOT
30-Nov-2016 04:18:32.315 INFO [localhost-startStop-1] org.apache.catalina.startup.HostConfig.deployDirectory Deployment of web application directory /opt/tomcat9/webapps/ROOT has finished in 21 ms
30-Nov-2016 04:18:32.315 INFO [localhost-startStop-1] org.apache.catalina.startup.HostConfig.deployDirectory Deploying web application directory /opt/tomcat9/webapps/docs
30-Nov-2016 04:18:32.326 INFO [localhost-startStop-1] org.apache.catalina.startup.HostConfig.deployDirectory Deployment of web application directory /opt/tomcat9/webapps/docs has finished in 11 ms
30-Nov-2016 04:18:32.480 INFO [main] org.apache.coyote.AbstractProtocol.start Starting ProtocolHandler [http-nio-8080]
30-Nov-2016 04:18:32.523 INFO [main] org.apache.coyote.AbstractProtocol.start Starting ProtocolHandler [ajp-nio-8009]
30-Nov-2016 04:18:32.539 INFO [main] org.apache.catalina.startup.Catalina.start Server startup in 642322 ms
30-Nov-2016 05:48:04.702 INFO [main] org.apache.catalina.core.StandardServer.await A valid shutdown command was received via the shutdown port. Stopping the Server instance.
30-Nov-2016 05:48:04.703 INFO [main] org.apache.coyote.AbstractProtocol.pause Pausing ProtocolHandler ["http-nio-8080"]
30-Nov-2016 05:48:04.754 INFO [main] org.apache.coyote.AbstractProtocol.pause Pausing ProtocolHandler ["ajp-nio-8009"]
30-Nov-2016 05:48:04.805 INFO [main] org.apache.catalina.core.StandardService.stopInternal Stopping service Catalina
30-Nov-2016 05:48:04.901 WARNING [localhost-startStop-2] org.apache.catalina.loader.WebappClassLoaderBase.clearReferencesJdbc The web application [tas] registered the JDBC driver [org.postgresql.Driver] but failed to unregister it when the web application was stopped. To prevent a memory leak, the JDBC Driver has been forcibly unregistered.
30-Nov-2016 05:48:04.904 WARNING [localhost-startStop-2] org.apache.catalina.loader.WebappClassLoaderBase.clearReferencesThreads The web application [tas] appears to have started a thread named [DefaultQuartzScheduler_Worker-1] but has failed to stop it. This is very likely to create a memory leak. Stack trace of thread:
 java.lang.Object.wait(Native Method)
 org.quartz.simpl.SimpleThreadPool$WorkerThread.run(SimpleThreadPool.java:568)
30-Nov-2016 05:48:04.905 WARNING [localhost-startStop-2] org.apache.catalina.loader.WebappClassLoaderBase.clearReferencesThreads The web application [tas] appears to have started a thread named [DefaultQuartzScheduler_Worker-2] but has failed to stop it. This is very likely to create a memory leak. Stack trace of thread:
 java.lang.Object.wait(Native Method)
 org.quartz.simpl.SimpleThreadPool$WorkerThread.run(SimpleThreadPool.java:568)
30-Nov-2016 05:48:04.905 WARNING [localhost-startStop-2] org.apache.catalina.loader.WebappClassLoaderBase.clearReferencesThreads The web application [tas] appears to have started a thread named [DefaultQuartzScheduler_Worker-3] but has failed to stop it. This is very likely to create a memory leak. Stack trace of thread:
 java.lang.Object.wait(Native Method)
 org.quartz.simpl.SimpleThreadPool$WorkerThread.run(SimpleThreadPool.java:568)
30-Nov-2016 05:48:04.906 WARNING [localhost-startStop-2] org.apache.catalina.loader.WebappClassLoaderBase.clearReferencesThreads The web application [tas] appears to have started a thread named [DefaultQuartzScheduler_Worker-4] but has failed to stop it. This is very likely to create a memory leak. Stack trace of thread:
 java.lang.Object.wait(Native Method)
 org.quartz.simpl.SimpleThreadPool$WorkerThread.run(SimpleThreadPool.java:568)
30-Nov-2016 05:48:04.908 WARNING [localhost-startStop-2] org.apache.catalina.loader.WebappClassLoaderBase.clearReferencesThreads The web application [tas] appears to have started a thread named [DefaultQuartzScheduler_Worker-5] but has failed to stop it. This is very likely to create a memory leak. Stack trace of thread:
 java.lang.Object.wait(Native Method)
 org.quartz.simpl.SimpleThreadPool$WorkerThread.run(SimpleThreadPool.java:568)
30-Nov-2016 05:48:04.908 WARNING [localhost-startStop-2] org.apache.catalina.loader.WebappClassLoaderBase.clearReferencesThreads The web application [tas] appears to have started a thread named [DefaultQuartzScheduler_Worker-6] but has failed to stop it. This is very likely to create a memory leak. Stack trace of thread:
 java.lang.Object.wait(Native Method)
 org.quartz.simpl.SimpleThreadPool$WorkerThread.run(SimpleThreadPool.java:568)
30-Nov-2016 05:48:04.909 WARNING [localhost-startStop-2] org.apache.catalina.loader.WebappClassLoaderBase.clearReferencesThreads The web application [tas] appears to have started a thread named [DefaultQuartzScheduler_Worker-8] but has failed to stop it. This is very likely to create a memory leak. Stack trace of thread:
 java.lang.Object.wait(Native Method)
 org.quartz.simpl.SimpleThreadPool$WorkerThread.run(SimpleThreadPool.java:568)
30-Nov-2016 05:48:04.910 WARNING [localhost-startStop-2] org.apache.catalina.loader.WebappClassLoaderBase.clearReferencesThreads The web application [tas] appears to have started a thread named [DefaultQuartzScheduler_Worker-9] but has failed to stop it. This is very likely to create a memory leak. Stack trace of thread:
 java.lang.Object.wait(Native Method)
 org.quartz.simpl.SimpleThreadPool$WorkerThread.run(SimpleThreadPool.java:568)
30-Nov-2016 05:48:04.910 WARNING [localhost-startStop-2] org.apache.catalina.loader.WebappClassLoaderBase.clearReferencesThreads The web application [tas] appears to have started a thread named [DefaultQuartzScheduler_Worker-10] but has failed to stop it. This is very likely to create a memory leak. Stack trace of thread:
 java.lang.Object.wait(Native Method)
 org.quartz.simpl.SimpleThreadPool$WorkerThread.run(SimpleThreadPool.java:568)
30-Nov-2016 05:48:04.984 INFO [main] org.apache.coyote.AbstractProtocol.stop Stopping ProtocolHandler ["http-nio-8080"]
30-Nov-2016 05:48:04.989 INFO [main] org.apache.coyote.AbstractProtocol.stop Stopping ProtocolHandler ["ajp-nio-8009"]
30-Nov-2016 05:48:04.997 INFO [main] org.apache.coyote.AbstractProtocol.destroy Destroying ProtocolHandler ["http-nio-8080"]
30-Nov-2016 05:48:04.997 INFO [main] org.apache.coyote.AbstractProtocol.destroy Destroying ProtocolHandler ["ajp-nio-8009"]
30-Nov-2016 05:48:05.475 INFO [main] org.apache.catalina.startup.VersionLoggerListener.log Server version:        Apache Tomcat/9.0.0.M13
30-Nov-2016 05:48:05.478 INFO [main] org.apache.catalina.startup.VersionLoggerListener.log Server built:          Nov 3 2016 20:59:41 UTC
30-Nov-2016 05:48:05.478 INFO [main] org.apache.catalina.startup.VersionLoggerListener.log Server number:         9.0.0.0
30-Nov-2016 05:48:05.478 INFO [main] org.apache.catalina.startup.VersionLoggerListener.log OS Name:               Linux
30-Nov-2016 05:48:05.479 INFO [main] org.apache.catalina.startup.VersionLoggerListener.log OS Version:            4.4.0-47-generic
30-Nov-2016 05:48:05.479 INFO [main] org.apache.catalina.startup.VersionLoggerListener.log Architecture:          amd64
30-Nov-2016 05:48:05.479 INFO [main] org.apache.catalina.startup.VersionLoggerListener.log Java Home:             /usr/lib/jvm/java-8-oracle/jre
30-Nov-2016 05:48:05.479 INFO [main] org.apache.catalina.startup.VersionLoggerListener.log JVM Version:           1.8.0_111-b14
30-Nov-2016 05:48:05.480 INFO [main] org.apache.catalina.startup.VersionLoggerListener.log JVM Vendor:            Oracle Corporation
30-Nov-2016 05:48:05.480 INFO [main] org.apache.catalina.startup.VersionLoggerListener.log CATALINA_BASE:         /opt/tomcat9
30-Nov-2016 05:48:05.480 INFO [main] org.apache.catalina.startup.VersionLoggerListener.log CATALINA_HOME:         /opt/tomcat9
30-Nov-2016 05:48:05.481 INFO [main] org.apache.catalina.startup.VersionLoggerListener.log Command line argument: -Djava.util.logging.config.file=/opt/tomcat9/conf/logging.properties
30-Nov-2016 05:48:05.481 INFO [main] org.apache.catalina.startup.VersionLoggerListener.log Command line argument: -Djava.util.logging.manager=org.apache.juli.ClassLoaderLogManager
30-Nov-2016 05:48:05.481 INFO [main] org.apache.catalina.startup.VersionLoggerListener.log Command line argument: -Djdk.tls.ephemeralDHKeySize=2048
30-Nov-2016 05:48:05.482 INFO [main] org.apache.catalina.startup.VersionLoggerListener.log Command line argument: -Djava.protocol.handler.pkgs=org.apache.catalina.webresources
30-Nov-2016 05:48:05.482 INFO [main] org.apache.catalina.startup.VersionLoggerListener.log Command line argument: -Dcatalina.base=/opt/tomcat9
30-Nov-2016 05:48:05.482 INFO [main] org.apache.catalina.startup.VersionLoggerListener.log Command line argument: -Dcatalina.home=/opt/tomcat9
30-Nov-2016 05:48:05.482 INFO [main] org.apache.catalina.startup.VersionLoggerListener.log Command line argument: -Djava.io.tmpdir=/opt/tomcat9/temp
30-Nov-2016 05:48:05.483 INFO [main] org.apache.catalina.core.AprLifecycleListener.lifecycleEvent The APR based Apache Tomcat Native library which allows optimal performance in production environments was not found on the java.library.path: /usr/java/packages/lib/amd64:/usr/lib64:/lib64:/lib:/usr/lib
30-Nov-2016 05:48:05.691 INFO [main] org.apache.coyote.AbstractProtocol.init Initializing ProtocolHandler ["http-nio-8080"]
30-Nov-2016 05:48:05.725 INFO [main] org.apache.tomcat.util.net.NioSelectorPool.getSharedSelector Using a shared selector for servlet write/read
30-Nov-2016 05:48:05.727 INFO [main] org.apache.coyote.AbstractProtocol.init Initializing ProtocolHandler ["ajp-nio-8009"]
30-Nov-2016 05:48:05.729 INFO [main] org.apache.tomcat.util.net.NioSelectorPool.getSharedSelector Using a shared selector for servlet write/read
30-Nov-2016 05:48:05.729 INFO [main] org.apache.catalina.startup.Catalina.load Initialization processed in 735 ms
30-Nov-2016 05:48:05.756 INFO [main] org.apache.catalina.core.StandardService.startInternal Starting service Catalina
30-Nov-2016 05:48:05.757 INFO [main] org.apache.catalina.core.StandardEngine.startInternal Starting Servlet Engine: Apache Tomcat/9.0.0.M13
30-Nov-2016 05:48:05.779 INFO [localhost-startStop-1] org.apache.catalina.startup.HostConfig.deployWAR Deploying web application archive /opt/tomcat9/webapps/tas.war
30-Nov-2016 05:48:07.395 INFO [localhost-startStop-1] org.apache.jasper.servlet.TldScanner.scanJars At least one JAR was scanned for TLDs yet contained no TLDs. Enable debug logging for this logger for a complete list of JARs that were scanned but no TLDs were found in them. Skipping unneeded JARs during scanning can improve startup time and JSP compilation time.
30-Nov-2016 05:51:39.604 INFO [localhost-startStop-1] org.apache.catalina.startup.HostConfig.deployWAR Deployment of web application archive /opt/tomcat9/webapps/tas.war has finished in 213,825 ms
30-Nov-2016 05:51:39.607 INFO [localhost-startStop-1] org.apache.catalina.startup.HostConfig.deployDirectory Deploying web application directory /opt/tomcat9/webapps/host-manager
30-Nov-2016 05:51:39.670 INFO [localhost-startStop-1] org.apache.catalina.startup.HostConfig.deployDirectory Deployment of web application directory /opt/tomcat9/webapps/host-manager has finished in 64 ms
30-Nov-2016 05:51:39.670 INFO [localhost-startStop-1] org.apache.catalina.startup.HostConfig.deployDirectory Deploying web application directory /opt/tomcat9/webapps/examples
30-Nov-2016 05:51:39.877 INFO [localhost-startStop-1] org.apache.catalina.startup.HostConfig.deployDirectory Deployment of web application directory /opt/tomcat9/webapps/examples has finished in 207 ms
30-Nov-2016 05:51:39.882 INFO [localhost-startStop-1] org.apache.catalina.startup.HostConfig.deployDirectory Deploying web application directory /opt/tomcat9/webapps/manager
30-Nov-2016 05:51:39.908 INFO [localhost-startStop-1] org.apache.catalina.startup.HostConfig.deployDirectory Deployment of web application directory /opt/tomcat9/webapps/manager has finished in 26 ms
30-Nov-2016 05:51:39.915 INFO [localhost-startStop-1] org.apache.catalina.startup.HostConfig.deployDirectory Deploying web application directory /opt/tomcat9/webapps/ROOT
30-Nov-2016 05:51:39.932 INFO [localhost-startStop-1] org.apache.catalina.startup.HostConfig.deployDirectory Deployment of web application directory /opt/tomcat9/webapps/ROOT has finished in 17 ms
30-Nov-2016 05:51:39.932 INFO [localhost-startStop-1] org.apache.catalina.startup.HostConfig.deployDirectory Deploying web application directory /opt/tomcat9/webapps/docs
30-Nov-2016 05:51:39.949 INFO [localhost-startStop-1] org.apache.catalina.startup.HostConfig.deployDirectory Deployment of web application directory /opt/tomcat9/webapps/docs has finished in 17 ms
30-Nov-2016 05:51:39.964 INFO [main] org.apache.coyote.AbstractProtocol.start Starting ProtocolHandler [http-nio-8080]
30-Nov-2016 05:51:39.978 INFO [main] org.apache.coyote.AbstractProtocol.start Starting ProtocolHandler [ajp-nio-8009]
30-Nov-2016 05:51:39.979 INFO [main] org.apache.catalina.startup.Catalina.start Server startup in 214250 ms
30-Nov-2016 05:52:57.124 WARNING [http-nio-8080-exec-3] org.apache.catalina.loader.WebappClassLoaderBase.clearReferencesJdbc The web application [tas] registered the JDBC driver [org.postgresql.Driver] but failed to unregister it when the web application was stopped. To prevent a memory leak, the JDBC Driver has been forcibly unregistered.
30-Nov-2016 05:52:57.127 WARNING [http-nio-8080-exec-3] org.apache.catalina.loader.WebappClassLoaderBase.clearReferencesThreads The web application [tas] appears to have started a thread named [DefaultQuartzScheduler_Worker-1] but has failed to stop it. This is very likely to create a memory leak. Stack trace of thread:
 java.lang.Object.wait(Native Method)
 org.quartz.simpl.SimpleThreadPool$WorkerThread.run(SimpleThreadPool.java:568)
30-Nov-2016 05:52:57.128 WARNING [http-nio-8080-exec-3] org.apache.catalina.loader.WebappClassLoaderBase.clearReferencesThreads The web application [tas] appears to have started a thread named [DefaultQuartzScheduler_Worker-2] but has failed to stop it. This is very likely to create a memory leak. Stack trace of thread:
 java.lang.Object.wait(Native Method)
 org.quartz.simpl.SimpleThreadPool$WorkerThread.run(SimpleThreadPool.java:568)
30-Nov-2016 05:52:57.128 WARNING [http-nio-8080-exec-3] org.apache.catalina.loader.WebappClassLoaderBase.clearReferencesThreads The web application [tas] appears to have started a thread named [DefaultQuartzScheduler_Worker-3] but has failed to stop it. This is very likely to create a memory leak. Stack trace of thread:
 java.lang.Object.wait(Native Method)
 org.quartz.simpl.SimpleThreadPool$WorkerThread.run(SimpleThreadPool.java:568)
30-Nov-2016 05:52:57.129 WARNING [http-nio-8080-exec-3] org.apache.catalina.loader.WebappClassLoaderBase.clearReferencesThreads The web application [tas] appears to have started a thread named [DefaultQuartzScheduler_Worker-4] but has failed to stop it. This is very likely to create a memory leak. Stack trace of thread:
 java.lang.Object.wait(Native Method)
 org.quartz.simpl.SimpleThreadPool$WorkerThread.run(SimpleThreadPool.java:568)
30-Nov-2016 05:52:57.130 WARNING [http-nio-8080-exec-3] org.apache.catalina.loader.WebappClassLoaderBase.clearReferencesThreads The web application [tas] appears to have started a thread named [DefaultQuartzScheduler_Worker-5] but has failed to stop it. This is very likely to create a memory leak. Stack trace of thread:
 java.lang.Object.wait(Native Method)
 org.quartz.simpl.SimpleThreadPool$WorkerThread.run(SimpleThreadPool.java:568)
30-Nov-2016 05:52:57.130 WARNING [http-nio-8080-exec-3] org.apache.catalina.loader.WebappClassLoaderBase.clearReferencesThreads The web application [tas] appears to have started a thread named [DefaultQuartzScheduler_Worker-6] but has failed to stop it. This is very likely to create a memory leak. Stack trace of thread:
 java.lang.Object.wait(Native Method)
 org.quartz.simpl.SimpleThreadPool$WorkerThread.run(SimpleThreadPool.java:568)
30-Nov-2016 05:52:57.131 WARNING [http-nio-8080-exec-3] org.apache.catalina.loader.WebappClassLoaderBase.clearReferencesThreads The web application [tas] appears to have started a thread named [DefaultQuartzScheduler_Worker-7] but has failed to stop it. This is very likely to create a memory leak. Stack trace of thread:
 java.lang.Object.wait(Native Method)
 org.quartz.simpl.SimpleThreadPool$WorkerThread.run(SimpleThreadPool.java:568)
30-Nov-2016 05:52:57.132 WARNING [http-nio-8080-exec-3] org.apache.catalina.loader.WebappClassLoaderBase.clearReferencesThreads The web application [tas] appears to have started a thread named [DefaultQuartzScheduler_Worker-8] but has failed to stop it. This is very likely to create a memory leak. Stack trace of thread:
 java.lang.Object.wait(Native Method)
 org.quartz.simpl.SimpleThreadPool$WorkerThread.run(SimpleThreadPool.java:568)
30-Nov-2016 05:52:57.132 WARNING [http-nio-8080-exec-3] org.apache.catalina.loader.WebappClassLoaderBase.clearReferencesThreads The web application [tas] appears to have started a thread named [DefaultQuartzScheduler_Worker-9] but has failed to stop it. This is very likely to create a memory leak. Stack trace of thread:
 java.lang.Object.wait(Native Method)
 org.quartz.simpl.SimpleThreadPool$WorkerThread.run(SimpleThreadPool.java:568)
30-Nov-2016 05:52:57.133 WARNING [http-nio-8080-exec-3] org.apache.catalina.loader.WebappClassLoaderBase.clearReferencesThreads The web application [tas] appears to have started a thread named [DefaultQuartzScheduler_Worker-10] but has failed to stop it. This is very likely to create a memory leak. Stack trace of thread:
 java.lang.Object.wait(Native Method)
 org.quartz.simpl.SimpleThreadPool$WorkerThread.run(SimpleThreadPool.java:568)
30-Nov-2016 05:52:57.656 INFO [http-nio-8080-exec-3] org.apache.catalina.startup.HostConfig.undeploy Undeploying context [/tas]
30-Nov-2016 05:55:36.679 INFO [http-nio-8080-exec-5] org.apache.catalina.startup.HostConfig.deployWAR Deploying web application archive /opt/tomcat9/webapps/tas.war
30-Nov-2016 05:55:41.527 INFO [http-nio-8080-exec-5] org.apache.catalina.startup.HostConfig.deployWAR Deployment of web application archive /opt/tomcat9/webapps/tas.war has finished in 4,847 ms
30-Nov-2016 14:22:54.541 INFO [main] org.apache.catalina.startup.VersionLoggerListener.log Server version:        Apache Tomcat/9.0.0.M13
30-Nov-2016 14:22:54.546 INFO [main] org.apache.catalina.startup.VersionLoggerListener.log Server built:          Nov 3 2016 20:59:41 UTC
30-Nov-2016 14:22:54.546 INFO [main] org.apache.catalina.startup.VersionLoggerListener.log Server number:         9.0.0.0
30-Nov-2016 14:22:54.546 INFO [main] org.apache.catalina.startup.VersionLoggerListener.log OS Name:               Mac OS X
30-Nov-2016 14:22:54.546 INFO [main] org.apache.catalina.startup.VersionLoggerListener.log OS Version:            10.10.5
30-Nov-2016 14:22:54.546 INFO [main] org.apache.catalina.startup.VersionLoggerListener.log Architecture:          x86_64
30-Nov-2016 14:22:54.546 INFO [main] org.apache.catalina.startup.VersionLoggerListener.log Java Home:             /Library/Java/JavaVirtualMachines/jdk1.8.0_112.jdk/Contents/Home/jre
30-Nov-2016 14:22:54.546 INFO [main] org.apache.catalina.startup.VersionLoggerListener.log JVM Version:           1.8.0_112-b16
30-Nov-2016 14:22:54.546 INFO [main] org.apache.catalina.startup.VersionLoggerListener.log JVM Vendor:            Oracle Corporation
30-Nov-2016 14:22:54.546 INFO [main] org.apache.catalina.startup.VersionLoggerListener.log CATALINA_BASE:         /opt/tomcat9
30-Nov-2016 14:22:54.547 INFO [main] org.apache.catalina.startup.VersionLoggerListener.log CATALINA_HOME:         /opt/tomcat9
30-Nov-2016 14:22:54.547 INFO [main] org.apache.catalina.startup.VersionLoggerListener.log Command line argument: -Djava.util.logging.config.file=/opt/tomcat9/conf/logging.properties
30-Nov-2016 14:22:54.547 INFO [main] org.apache.catalina.startup.VersionLoggerListener.log Command line argument: -Djava.util.logging.manager=org.apache.juli.ClassLoaderLogManager
30-Nov-2016 14:22:54.547 INFO [main] org.apache.catalina.startup.VersionLoggerListener.log Command line argument: -Djdk.tls.ephemeralDHKeySize=2048
30-Nov-2016 14:22:54.547 INFO [main] org.apache.catalina.startup.VersionLoggerListener.log Command line argument: -Djava.protocol.handler.pkgs=org.apache.catalina.webresources
30-Nov-2016 14:22:54.547 INFO [main] org.apache.catalina.startup.VersionLoggerListener.log Command line argument: -Dcatalina.base=/opt/tomcat9
30-Nov-2016 14:22:54.548 INFO [main] org.apache.catalina.startup.VersionLoggerListener.log Command line argument: -Dcatalina.home=/opt/tomcat9
30-Nov-2016 14:22:54.548 INFO [main] org.apache.catalina.startup.VersionLoggerListener.log Command line argument: -Djava.io.tmpdir=/opt/tomcat9/temp
30-Nov-2016 14:22:54.548 INFO [main] org.apache.catalina.core.AprLifecycleListener.lifecycleEvent The APR based Apache Tomcat Native library which allows optimal performance in production environments was not found on the java.library.path: /Users/mukthar/Library/Java/Extensions:/Library/Java/Extensions:/Network/Library/Java/Extensions:/System/Library/Java/Extensions:/usr/lib/java:.
30-Nov-2016 14:22:55.301 INFO [main] org.apache.coyote.AbstractProtocol.init Initializing ProtocolHandler ["http-nio-8080"]
30-Nov-2016 14:22:55.368 INFO [main] org.apache.tomcat.util.net.NioSelectorPool.getSharedSelector Using a shared selector for servlet write/read
30-Nov-2016 14:22:55.375 INFO [main] org.apache.coyote.AbstractProtocol.init Initializing ProtocolHandler ["ajp-nio-8009"]
30-Nov-2016 14:22:55.377 INFO [main] org.apache.tomcat.util.net.NioSelectorPool.getSharedSelector Using a shared selector for servlet write/read
30-Nov-2016 14:22:55.377 INFO [main] org.apache.catalina.startup.Catalina.load Initialization processed in 1982 ms
30-Nov-2016 14:22:55.451 INFO [main] org.apache.catalina.core.StandardService.startInternal Starting service Catalina
30-Nov-2016 14:22:55.451 INFO [main] org.apache.catalina.core.StandardEngine.startInternal Starting Servlet Engine: Apache Tomcat/9.0.0.M13
30-Nov-2016 14:22:55.524 INFO [localhost-startStop-1] org.apache.catalina.startup.HostConfig.deployWAR Deploying web application archive /opt/tomcat9/webapps/tas.war
30-Nov-2016 14:23:00.414 INFO [localhost-startStop-1] org.apache.jasper.servlet.TldScanner.scanJars At least one JAR was scanned for TLDs yet contained no TLDs. Enable debug logging for this logger for a complete list of JARs that were scanned but no TLDs were found in them. Skipping unneeded JARs during scanning can improve startup time and JSP compilation time.
30-Nov-2016 14:23:09.197 INFO [localhost-startStop-1] org.apache.catalina.startup.HostConfig.deployWAR Deployment of web application archive /opt/tomcat9/webapps/tas.war has finished in 13,672 ms
30-Nov-2016 14:23:09.199 INFO [localhost-startStop-1] org.apache.catalina.startup.HostConfig.deployDirectory Deploying web application directory /opt/tomcat9/webapps/docs
30-Nov-2016 14:23:09.230 INFO [localhost-startStop-1] org.apache.catalina.startup.HostConfig.deployDirectory Deployment of web application directory /opt/tomcat9/webapps/docs has finished in 31 ms
30-Nov-2016 14:23:09.230 INFO [localhost-startStop-1] org.apache.catalina.startup.HostConfig.deployDirectory Deploying web application directory /opt/tomcat9/webapps/examples
30-Nov-2016 14:23:09.925 INFO [localhost-startStop-1] org.apache.catalina.startup.HostConfig.deployDirectory Deployment of web application directory /opt/tomcat9/webapps/examples has finished in 695 ms
30-Nov-2016 14:23:09.925 INFO [localhost-startStop-1] org.apache.catalina.startup.HostConfig.deployDirectory Deploying web application directory /opt/tomcat9/webapps/host-manager
30-Nov-2016 14:23:09.975 INFO [localhost-startStop-1] org.apache.catalina.startup.HostConfig.deployDirectory Deployment of web application directory /opt/tomcat9/webapps/host-manager has finished in 50 ms
30-Nov-2016 14:23:09.976 INFO [localhost-startStop-1] org.apache.catalina.startup.HostConfig.deployDirectory Deploying web application directory /opt/tomcat9/webapps/manager
30-Nov-2016 14:23:10.002 INFO [localhost-startStop-1] org.apache.catalina.startup.HostConfig.deployDirectory Deployment of web application directory /opt/tomcat9/webapps/manager has finished in 26 ms
30-Nov-2016 14:23:10.003 INFO [localhost-startStop-1] org.apache.catalina.startup.HostConfig.deployDirectory Deploying web application directory /opt/tomcat9/webapps/ROOT
30-Nov-2016 14:23:10.018 INFO [localhost-startStop-1] org.apache.catalina.startup.HostConfig.deployDirectory Deployment of web application directory /opt/tomcat9/webapps/ROOT has finished in 15 ms
30-Nov-2016 14:23:10.024 INFO [main] org.apache.coyote.AbstractProtocol.start Starting ProtocolHandler [http-nio-8080]
30-Nov-2016 14:23:10.037 INFO [main] org.apache.coyote.AbstractProtocol.start Starting ProtocolHandler [ajp-nio-8009]
30-Nov-2016 14:23:10.038 INFO [main] org.apache.catalina.startup.Catalina.start Server startup in 14658 ms
30-Nov-2016 14:23:44.673 INFO [http-nio-8080-exec-1] org.apache.catalina.startup.HostConfig.undeploy Undeploying context [/tas]
30-Nov-2016 14:23:45.143 WARNING [http-nio-8080-exec-1] org.apache.catalina.loader.WebappClassLoaderBase.clearReferencesJdbc The web application [tas] registered the JDBC driver [org.postgresql.Driver] but failed to unregister it when the web application was stopped. To prevent a memory leak, the JDBC Driver has been forcibly unregistered.
30-Nov-2016 14:23:45.149 WARNING [http-nio-8080-exec-1] org.apache.catalina.loader.WebappClassLoaderBase.clearReferencesThreads The web application [tas] appears to have started a thread named [DefaultQuartzScheduler_Worker-1] but has failed to stop it. This is very likely to create a memory leak. Stack trace of thread:
 java.lang.Object.wait(Native Method)
 org.quartz.simpl.SimpleThreadPool$WorkerThread.run(SimpleThreadPool.java:568)
30-Nov-2016 14:23:45.151 WARNING [http-nio-8080-exec-1] org.apache.catalina.loader.WebappClassLoaderBase.clearReferencesThreads The web application [tas] appears to have started a thread named [DefaultQuartzScheduler_Worker-2] but has failed to stop it. This is very likely to create a memory leak. Stack trace of thread:
 java.lang.Object.wait(Native Method)
 org.quartz.simpl.SimpleThreadPool$WorkerThread.run(SimpleThreadPool.java:568)
30-Nov-2016 14:23:45.152 WARNING [http-nio-8080-exec-1] org.apache.catalina.loader.WebappClassLoaderBase.clearReferencesThreads The web application [tas] appears to have started a thread named [DefaultQuartzScheduler_Worker-3] but has failed to stop it. This is very likely to create a memory leak. Stack trace of thread:
 java.lang.Object.wait(Native Method)
 org.quartz.simpl.SimpleThreadPool$WorkerThread.run(SimpleThreadPool.java:568)
30-Nov-2016 14:23:45.153 WARNING [http-nio-8080-exec-1] org.apache.catalina.loader.WebappClassLoaderBase.clearReferencesThreads The web application [tas] appears to have started a thread named [DefaultQuartzScheduler_Worker-4] but has failed to stop it. This is very likely to create a memory leak. Stack trace of thread:
 java.lang.Object.wait(Native Method)
 org.quartz.simpl.SimpleThreadPool$WorkerThread.run(SimpleThreadPool.java:568)
30-Nov-2016 14:23:45.154 WARNING [http-nio-8080-exec-1] org.apache.catalina.loader.WebappClassLoaderBase.clearReferencesThreads The web application [tas] appears to have started a thread named [DefaultQuartzScheduler_Worker-5] but has failed to stop it. This is very likely to create a memory leak. Stack trace of thread:
 java.lang.Object.wait(Native Method)
 org.quartz.simpl.SimpleThreadPool$WorkerThread.run(SimpleThreadPool.java:568)
30-Nov-2016 14:23:45.155 WARNING [http-nio-8080-exec-1] org.apache.catalina.loader.WebappClassLoaderBase.clearReferencesThreads The web application [tas] appears to have started a thread named [DefaultQuartzScheduler_Worker-6] but has failed to stop it. This is very likely to create a memory leak. Stack trace of thread:
 java.lang.Object.wait(Native Method)
 org.quartz.simpl.SimpleThreadPool$WorkerThread.run(SimpleThreadPool.java:568)
30-Nov-2016 14:23:45.155 WARNING [http-nio-8080-exec-1] org.apache.catalina.loader.WebappClassLoaderBase.clearReferencesThreads The web application [tas] appears to have started a thread named [DefaultQuartzScheduler_Worker-7] but has failed to stop it. This is very likely to create a memory leak. Stack trace of thread:
 java.lang.Object.wait(Native Method)
 org.quartz.simpl.SimpleThreadPool$WorkerThread.run(SimpleThreadPool.java:568)
30-Nov-2016 14:23:45.158 WARNING [http-nio-8080-exec-1] org.apache.catalina.loader.WebappClassLoaderBase.clearReferencesThreads The web application [tas] appears to have started a thread named [DefaultQuartzScheduler_Worker-8] but has failed to stop it. This is very likely to create a memory leak. Stack trace of thread:
 java.lang.Object.wait(Native Method)
 org.quartz.simpl.SimpleThreadPool$WorkerThread.run(SimpleThreadPool.java:568)
30-Nov-2016 14:23:45.160 WARNING [http-nio-8080-exec-1] org.apache.catalina.loader.WebappClassLoaderBase.clearReferencesThreads The web application [tas] appears to have started a thread named [DefaultQuartzScheduler_Worker-9] but has failed to stop it. This is very likely to create a memory leak. Stack trace of thread:
 java.lang.Object.wait(Native Method)
 org.quartz.simpl.SimpleThreadPool$WorkerThread.run(SimpleThreadPool.java:568)
30-Nov-2016 14:23:45.161 WARNING [http-nio-8080-exec-1] org.apache.catalina.loader.WebappClassLoaderBase.clearReferencesThreads The web application [tas] appears to have started a thread named [DefaultQuartzScheduler_Worker-10] but has failed to stop it. This is very likely to create a memory leak. Stack trace of thread:
 java.lang.Object.wait(Native Method)
 org.quartz.simpl.SimpleThreadPool$WorkerThread.run(SimpleThreadPool.java:568)
30-Nov-2016 14:23:45.222 INFO [http-nio-8080-exec-1] org.apache.catalina.startup.HostConfig.deployWAR Deploying web application archive /opt/tomcat9/webapps/tas.war
30-Nov-2016 14:24:02.698 INFO [http-nio-8080-exec-1] org.apache.catalina.startup.HostConfig.deployWAR Deployment of web application archive /opt/tomcat9/webapps/tas.war has finished in 17,475 ms
